0 silly argv {
0 silly argv   _: [ 'run' ],
0 silly argv   stream: true,
0 silly argv   lernaVersion: '4.0.0',
0 silly argv   '$0': '/Users/jeff/source/apollographql/federation/node_modules/.bin/lerna',
0 silly argv   script: 'monorepo-prepare'
0 silly argv }
1 notice cli v4.0.0
2 verbose rootPath /Users/jeff/source/apollographql/federation
3 info versioning independent
4 error JSONError: Unexpected token "<" (0x3C) in JSON at position 710 while parsing near ".../query-planner-js\",\n<<<<<<< HEAD\n    \"@a..." in gateway-js/package.json
4 error
4 error [0m [90m 29 |[39m     [32m"@apollo/federation"[39m[33m:[39m [32m"file:../federation-js"[39m[33m,[39m[0m
4 error [0m [90m 30 |[39m     [32m"@apollo/query-planner"[39m[33m:[39m [32m"file:../query-planner-js"[39m[33m,[39m[0m
4 error [0m[31m[1m>[22m[39m[90m 31 |[39m [33m<<[39m[33m<<[39m[33m<<[39m[33m<[39m [33mHEAD[39m[0m
4 error [0m [90m    |[39m [31m[1m^[22m[39m[0m
4 error [0m [90m 32 |[39m     [32m"@apollo/utils.createhash"[39m[33m:[39m [32m"^1.1.0"[39m[33m,[39m[0m
4 error [0m [90m 33 |[39m [33m===[39m[33m===[39m[33m=[39m[0m
4 error [0m [90m 34 |[39m     [32m"@apollo/server-gateway-interface"[39m[33m:[39m [32m"^1.0.2"[39m[33m,[39m[0m
4 error
4 error     at parseJson (/Users/jeff/source/apollographql/federation/node_modules/parse-json/index.js:29:21)
4 error     at parse (/Users/jeff/source/apollographql/federation/node_modules/load-json-file/index.js:15:9)
4 error     at module.exports (/Users/jeff/source/apollographql/federation/node_modules/load-json-file/index.js:18:47)
